 

-+- -A- -U- -T- -O- -+- -A- -L- -M- -O- -S- -T- -+- -E- -V- -E- -R- -Y- -T- -H- -I- -N- -G- -+-
 
 Script starts at 20/05/2021 18:34:44
 Wax token ID is s%3A5b9bd199-ff34-43a5-a3c9-baa0b516342b.14cWDz1j7e9e1qb31Zfl%2B7i4tVRgvf9Ds2a1Hdz4seA
 Wax session token is Qwff3GFKrQqxpXSTLcfU1iekNovGMVVL68B5Bz0N
 CapMonster API Key is db18292e0dc0180c14ab7c9ccf6edc1f
 
 [20/05/2021 18:34:50] [-] Can not login to WAX.io. Please check your cookies.
 

-+- -A- -U- -T- -O- -+- -A- -L- -M- -O- -S- -T- -+- -E- -V- -E- -R- -Y- -T- -H- -I- -N- -G- -+-
 
 Script starts at 20/05/2021 18:35:12
 Wax token ID is s%3A5b9bd199-ff34-43a5-a3c9-baa0b516342b.14cWDz1j7e9e1qb31Zfl%2B7i4tVRgvf9Ds2a1Hdz4seA
 Wax session token is Qwff3GFKrQqxpXSTLcfU1iekNovGMVVL68B5Bz0N
 CapMonster API Key is db18292e0dc0180c14ab7c9ccf6edc1f
 
 [20/05/2021 18:35:17] [-] Can not login to WAX.io. Please check your cookies.
 

-+- -A- -U- -T- -O- -+- -A- -L- -M- -O- -S- -T- -+- -E- -V- -E- -R- -Y- -T- -H- -I- -N- -G- -+-
 
 Script starts at 20/05/2021 18:36:51
 Wax token ID is s%3A5b9bd199-ff34-43a5-a3c9-baa0b516342b.14cWDz1j7e9e1qb31Zfl%2B7i4tVRgvf9Ds2a1Hdz4seA
 Wax session token is Qwff3GFKrQqxpXSTLcfU1iekNovGMVVL68B5Bz0N
 CapMonster API Key is db18292e0dc0180c14ab7c9ccf6edc1f
 
 [20/05/2021 18:37:04] [+] Logged-in to WAX.io.
 [20/05/2021 18:38:37] [+] Logged-in to AlienWorlds.
 
 [20/05/2021 18:38:42] CLAIM TLM
 [20/05/2021 18:38:52]   [+] Get resource information:
   Username: aq5d.wam
   CPU: 47%
   NET: 1%
   RAM: 82%
 [20/05/2021 18:40:10]   [+] Automatically solve captcha.
 [20/05/2021 18:40:48]     [+] Captcha response is 03AGdBq...x5WqdlA.
 [20/05/2021 18:42:04]   [+] Claimed. Wait for 10.000000 minutes.
 
 [20/05/2021 18:52:12] CLAIM TLM
 [20/05/2021 18:52:22]   [+] Get resource information:
   Username: aq5d.wam
   CPU: 53%
   NET: 1%
   RAM: 82%
